<?xml version="1.0" encoding="UTF-8"?>
<!-- Generated by org.testng.reporters.JUnitXMLReporter -->
<testsuite hostname="IBM924-PC05NTJG" ignored="0" name="Default test" tests="5" failures="0" timestamp="25 Feb 2018 14:24:22 GMT" time="98.843" errors="0">
  <testcase name="test1" time="98.765" classname="EMR.TestApp1.App"/>
  <testcase name="test10" time="0.001" classname="EMR.TestApp1.App"/>
  <testcase name="test3" time="0.001" classname="EMR.TestApp1.App"/>
  <testcase name="test4" time="0.003" classname="EMR.TestApp1.App"/>
  <testcase name="test6" time="0.001" classname="EMR.TestApp1.App"/>
</testsuite> <!-- Default test -->
